{"level":"info","message":"EmailService initialized with Resend provider.","timestamp":"2026-07-12 14:18:14"}
{"level":"info","message":"Server is running on http://localhost:5000","timestamp":"2026-07-12 14:18:14"}
{"duration":"8ms","level":"info","message":"HTTP Request Completed","method":"OPTIONS","requestId":"c016d84c-546a-4fd3-8712-701c892409f9","status":204,"timestamp":"2026-07-12 14:19:30","url":"/api/v1/auth/login","userId":"anonymous"}
{"duration":"2158ms","level":"info","message":"HTTP Request Completed","method":"POST","requestId":"89381035-f146-45f2-bdc8-12633e934324","status":200,"timestamp":"2026-07-12 14:19:32","url":"/api/v1/auth/login","userId":"anonymous"}
{"duration":"1ms","level":"info","message":"HTTP Request Completed","method":"OPTIONS","requestId":"f9344b56-5d11-4729-a1ee-97da5ebdc349","status":204,"timestamp":"2026-07-12 14:19:32","url":"/api/v1/auth/me","userId":"anonymous"}
{"duration":"416ms","level":"info","message":"HTTP Request Completed","method":"GET","requestId":"273c9915-c70f-4b5e-874b-d341e9536c8f","status":200,"timestamp":"2026-07-12 14:19:33","url":"/api/v1/auth/me","userId":"42486f90-26af-4ae0-8a9b-ffd1638b7dbf"}
{"duration":"1ms","level":"info","message":"HTTP Request Completed","method":"OPTIONS","requestId":"e8973840-42f5-4f3d-9495-6bef563a1320","status":204,"timestamp":"2026-07-12 14:19:33","url":"/api/v1/notifications","userId":"anonymous"}
{"duration":"1ms","level":"info","message":"HTTP Request Completed","method":"OPTIONS","requestId":"95eef954-0e1b-4172-9269-511980e524db","status":204,"timestamp":"2026-07-12 14:19:33","url":"/api/v1/student","userId":"anonymous"}
{"duration":"1ms","level":"info","message":"HTTP Request Completed","method":"OPTIONS","requestId":"712a0baf-b15f-41ec-b467-231daa674b14","status":204,"timestamp":"2026-07-12 14:19:33","url":"/api/v1/bookings","userId":"anonymous"}
{"duration":"481ms","level":"info","message":"HTTP Request Completed","method":"GET","requestId":"33d1eccd-03f8-478b-907e-d769ce87fdcb","status":200,"timestamp":"2026-07-12 14:19:33","url":"/api/v1/notifications","userId":"42486f90-26af-4ae0-8a9b-ffd1638b7dbf"}
{"duration":"538ms","level":"info","message":"HTTP Request Completed","method":"GET","requestId":"9b231451-5767-487f-a809-0dec25fad41a","status":200,"timestamp":"2026-07-12 14:19:34","url":"/api/v1/student","userId":"42486f90-26af-4ae0-8a9b-ffd1638b7dbf"}
{"duration":"1135ms","level":"info","message":"HTTP Request Completed","method":"GET","requestId":"256f7ea6-99bd-4429-83be-40f3659e9a19","status":200,"timestamp":"2026-07-12 14:19:34","url":"/api/v1/bookings","userId":"42486f90-26af-4ae0-8a9b-ffd1638b7dbf"}
{"duration":"1ms","level":"info","message":"HTTP Request Completed","method":"OPTIONS","requestId":"14a4c9b3-7a58-4759-8ae0-6dbb944070f6","status":204,"timestamp":"2026-07-12 14:40:30","url":"/api/v1/auth/me","userId":"anonymous"}
{"duration":"1611ms","level":"info","message":"HTTP Request Completed","method":"GET","requestId":"d1fa8a15-42f6-4753-bfb4-0152b523017f","status":304,"timestamp":"2026-07-12 14:40:32","url":"/api/v1/auth/me","userId":"42486f90-26af-4ae0-8a9b-ffd1638b7dbf"}
{"duration":"0ms","level":"info","message":"HTTP Request Completed","method":"OPTIONS","requestId":"990088af-6ad2-41cb-87b7-6ac373ca405f","status":204,"timestamp":"2026-07-12 14:40:32","url":"/api/v1/notifications","userId":"anonymous"}
{"duration":"0ms","level":"info","message":"HTTP Request Completed","method":"OPTIONS","requestId":"810266f4-9bb2-4024-8b0e-6097b41982bc","status":204,"timestamp":"2026-07-12 14:40:32","url":"/api/v1/student","userId":"anonymous"}
{"duration":"512ms","level":"info","message":"HTTP Request Completed","method":"GET","requestId":"79669394-38ea-4773-bece-56671ec636a9","status":304,"timestamp":"2026-07-12 14:40:32","url":"/api/v1/notifications","userId":"42486f90-26af-4ae0-8a9b-ffd1638b7dbf"}
{"duration":"810ms","level":"info","message":"HTTP Request Completed","method":"GET","requestId":"879b832b-a30e-4d06-b3e0-60fef87a94fa","status":304,"timestamp":"2026-07-12 14:40:33","url":"/api/v1/student","userId":"42486f90-26af-4ae0-8a9b-ffd1638b7dbf"}
{"duration":"2ms","level":"info","message":"HTTP Request Completed","method":"OPTIONS","requestId":"80640e1d-015d-488b-8e85-3a5e63d038d2","status":204,"timestamp":"2026-07-12 14:40:52","url":"/api/v1/auth/logout","userId":"anonymous"}
{"duration":"599ms","level":"info","message":"HTTP Request Completed","method":"POST","requestId":"ef13cf9e-c6f6-4533-b93f-ff7727547d33","status":200,"timestamp":"2026-07-12 14:40:52","url":"/api/v1/auth/logout","userId":"42486f90-26af-4ae0-8a9b-ffd1638b7dbf"}
{"duration":"9ms","level":"info","message":"HTTP Request Completed","method":"OPTIONS","requestId":"a1b17094-792a-428c-9340-1f57ea0958eb","status":204,"timestamp":"2026-07-12 15:03:52","url":"/api/v1/auth/login","userId":"anonymous"}
{"duration":"1753ms","level":"info","message":"HTTP Request Completed","method":"POST","requestId":"f640f43c-a119-4bc2-9a65-fb01cc0da609","status":200,"timestamp":"2026-07-12 15:03:54","url":"/api/v1/auth/login","userId":"anonymous"}
{"duration":"0ms","level":"info","message":"HTTP Request Completed","method":"OPTIONS","requestId":"b7c34a9c-5d48-401d-bbfc-58491775f6ee","status":204,"timestamp":"2026-07-12 15:03:54","url":"/api/v1/auth/me","userId":"anonymous"}
{"duration":"383ms","level":"info","message":"HTTP Request Completed","method":"GET","requestId":"482c6044-b9db-4154-9097-dbb1a4d2fe6b","status":304,"timestamp":"2026-07-12 15:03:54","url":"/api/v1/auth/me","userId":"42486f90-26af-4ae0-8a9b-ffd1638b7dbf"}
{"duration":"1ms","level":"info","message":"HTTP Request Completed","method":"OPTIONS","requestId":"a20f2e30-d499-43ce-b59e-73f4980587d5","status":204,"timestamp":"2026-07-12 15:03:55","url":"/api/v1/notifications","userId":"anonymous"}
{"duration":"0ms","level":"info","message":"HTTP Request Completed","method":"OPTIONS","requestId":"07cff730-4a3e-4ebb-affe-b2b945cb01b2","status":204,"timestamp":"2026-07-12 15:03:55","url":"/api/v1/student","userId":"anonymous"}
{"duration":"1ms","level":"info","message":"HTTP Request Completed","method":"OPTIONS","requestId":"fe479c82-110f-4367-beb7-0e276b8dee7d","status":204,"timestamp":"2026-07-12 15:03:55","url":"/api/v1/bookings","userId":"anonymous"}
{"duration":"530ms","level":"info","message":"HTTP Request Completed","method":"GET","requestId":"6c8ab571-33ef-4c97-81af-ded272293d95","status":304,"timestamp":"2026-07-12 15:03:55","url":"/api/v1/notifications","userId":"42486f90-26af-4ae0-8a9b-ffd1638b7dbf"}
{"duration":"844ms","level":"info","message":"HTTP Request Completed","method":"GET","requestId":"7a450b68-9219-4e40-ad83-e0756891f41c","status":304,"timestamp":"2026-07-12 15:03:56","url":"/api/v1/student","userId":"42486f90-26af-4ae0-8a9b-ffd1638b7dbf"}
{"duration":"1238ms","level":"info","message":"HTTP Request Completed","method":"GET","requestId":"168622a4-d92f-4888-ba18-264edd255bfc","status":304,"timestamp":"2026-07-12 15:03:56","url":"/api/v1/bookings","userId":"42486f90-26af-4ae0-8a9b-ffd1638b7dbf"}
{"duration":"1ms","level":"info","message":"HTTP Request Completed","method":"OPTIONS","requestId":"45adbde2-3765-4609-9c19-f554cfbec438","status":204,"timestamp":"2026-07-12 15:05:00","url":"/api/v1/notifications","userId":"anonymous"}
{"duration":"933ms","level":"info","message":"HTTP Request Completed","method":"GET","requestId":"0eaf8793-64df-4569-8815-666a359f4d2f","status":304,"timestamp":"2026-07-12 15:05:01","url":"/api/v1/notifications","userId":"42486f90-26af-4ae0-8a9b-ffd1638b7dbf"}
{"duration":"1ms","level":"info","message":"HTTP Request Completed","method":"OPTIONS","requestId":"aadd8350-2b87-4d70-9890-78f4cebe1b27","status":204,"timestamp":"2026-07-12 15:05:17","url":"/api/v1/notifications/002b22ea-fe4b-4c26-a7d8-19dc5b3a6c39/read","userId":"anonymous"}
{"duration":"635ms","level":"info","message":"HTTP Request Completed","method":"PATCH","requestId":"62ce9915-c88d-40e4-bff7-07ecf67013e5","status":200,"timestamp":"2026-07-12 15:05:18","url":"/api/v1/notifications/002b22ea-fe4b-4c26-a7d8-19dc5b3a6c39/read","userId":"42486f90-26af-4ae0-8a9b-ffd1638b7dbf"}
{"duration":"1ms","level":"info","message":"HTTP Request Completed","method":"OPTIONS","requestId":"2c589f63-91fd-4edb-8e62-14dbab46cd5a","status":204,"timestamp":"2026-07-12 15:05:18","url":"/api/v1/notifications","userId":"anonymous"}
{"duration":"505ms","level":"info","message":"HTTP Request Completed","method":"GET","requestId":"b3f784e3-9552-4cd9-a548-4cb489afb377","status":200,"timestamp":"2026-07-12 15:05:19","url":"/api/v1/notifications","userId":"42486f90-26af-4ae0-8a9b-ffd1638b7dbf"}
{"duration":"1ms","level":"info","message":"HTTP Request Completed","method":"OPTIONS","requestId":"dd5cbd97-b2b7-4f6e-8e92-ef7c6bf080d3","status":204,"timestamp":"2026-07-12 15:05:23","url":"/api/v1/notifications/mark-all-read","userId":"anonymous"}
{"duration":"562ms","level":"info","message":"HTTP Request Completed","method":"PATCH","requestId":"ab075d40-cc67-4fa2-869a-1b542fe7320a","status":200,"timestamp":"2026-07-12 15:05:24","url":"/api/v1/notifications/mark-all-read","userId":"42486f90-26af-4ae0-8a9b-ffd1638b7dbf"}
{"duration":"6ms","level":"info","message":"HTTP Request Completed","method":"OPTIONS","requestId":"f3d087f3-2577-474f-80b6-09d331b90beb","status":204,"timestamp":"2026-07-12 15:05:24","url":"/api/v1/notifications","userId":"anonymous"}
{"duration":"508ms","level":"info","message":"HTTP Request Completed","method":"GET","requestId":"161e437e-b989-49ea-8111-4235a9ca4e17","status":200,"timestamp":"2026-07-12 15:05:24","url":"/api/v1/notifications","userId":"42486f90-26af-4ae0-8a9b-ffd1638b7dbf"}
{"duration":"1ms","level":"info","message":"HTTP Request Completed","method":"OPTIONS","requestId":"2f0ec798-23b0-44ac-9959-5fa7faa5201c","status":204,"timestamp":"2026-07-12 15:05:28","url":"/api/v1/student","userId":"anonymous"}
{"duration":"600ms","level":"info","message":"HTTP Request Completed","method":"GET","requestId":"85537318-8670-4c4f-9670-67bcf66b63be","status":304,"timestamp":"2026-07-12 15:05:29","url":"/api/v1/student","userId":"42486f90-26af-4ae0-8a9b-ffd1638b7dbf"}
